<?xml version="1.0" encoding="UTF-8"?>
<testsuite name="edu.umn.cs.csci3081w.lab4.EnrollManagerTest" tests="1" skipped="0" failures="0" errors="0" timestamp="2020-10-17T02:22:18" hostname="Hyunjins-MacBook-Pro.local" time="0.018">
  <properties/>
  <testcase name="testEnrollStudentsWithMore()" classname="edu.umn.cs.csci3081w.lab4.EnrollManagerTest" time="0.018"/>
  <system-out><![CDATA[]]></system-out>
  <system-err><![CDATA[]]></system-err>
</testsuite>
